<?xml version="1.0" encoding="UTF-8"?>
<!-- Generated by org.testng.reporters.JUnitReportReporter -->
<testsuite skipped="0" hostname="E7841-Tech" name="com.LearningAPI.TestCases.UserLogStatusAPI" tests="1" failures="0" timestamp="22 Jan 2020 06:25:25 GMT" time="0.294" errors="0">
  <testcase name="UserLogStatusAPI_Test" time="0.294" classname="com.LearningAPI.TestCases.UserLogStatusAPI"/>
</testsuite> <!-- com.LearningAPI.TestCases.UserLogStatusAPI -->
