<?xml version="1.0" encoding="UTF-8"?>
<!-- Generated by org.testng.reporters.JUnitReportReporter -->
<testsuite skipped="0" hostname="E7841-Tech" name="com.LearningAPI.TestCases.CheckDeviceAPI" tests="2" failures="0" timestamp="22 Jan 2020 06:25:25 GMT" time="0.577" errors="0">
  <testcase name="CheckDeviceAPI_Test" time="0.289" classname="com.LearningAPI.TestCases.CheckDeviceAPI"/>
  <testcase name="CheckDeviceAPI_Test" time="0.288" classname="com.LearningAPI.TestCases.CheckDeviceAPI"/>
</testsuite> <!-- com.LearningAPI.TestCases.CheckDeviceAPI -->
