<?xml version="1.0" encoding="UTF-8"?>
<!-- Generated by org.testng.reporters.JUnitReportReporter -->
<testsuite skipped="0" hostname="E7841-Tech" name="com.LearningAPI.TestCases.IPLocationAPI" tests="2" failures="0" timestamp="22 Jan 2020 06:25:25 GMT" time="2.821" errors="0">
  <testcase name="IPLocationAPI_Test" time="2.055" classname="com.LearningAPI.TestCases.IPLocationAPI"/>
  <testcase name="IPLocationAPI_Test" time="0.766" classname="com.LearningAPI.TestCases.IPLocationAPI"/>
</testsuite> <!-- com.LearningAPI.TestCases.IPLocationAPI -->
