<?xml version="1.0" encoding="UTF-8"?>
<!-- Generated by org.testng.reporters.JUnitReportReporter -->
<testsuite skipped="0" hostname="E7841-Tech" name="com.LearningAPI.TestCases.ChangePasswordAPI" tests="1" failures="0" timestamp="22 Jan 2020 06:25:25 GMT" time="0.372" errors="0">
  <testcase name="Registration_ChangePasswordAPI_Test" time="0.372" classname="com.LearningAPI.TestCases.ChangePasswordAPI"/>
</testsuite> <!-- com.LearningAPI.TestCases.ChangePasswordAPI -->
