<?xml version="1.0" encoding="UTF-8"?>
<!-- Generated by org.testng.reporters.JUnitReportReporter -->
<testsuite skipped="0" hostname="E7841-Tech" name="com.LearningAPI.TestCases.CountryListAPI" tests="2" failures="0" timestamp="22 Jan 2020 06:25:25 GMT" time="0.805" errors="0">
  <testcase name="CountryListAPI_Test" time="0.396" classname="com.LearningAPI.TestCases.CountryListAPI"/>
  <testcase name="CountryListAPI_Test" time="0.409" classname="com.LearningAPI.TestCases.CountryListAPI"/>
</testsuite> <!-- com.LearningAPI.TestCases.CountryListAPI -->
