<?xml version="1.0" encoding="UTF-8"?>
<!-- Generated by org.testng.reporters.JUnitReportReporter -->
<testsuite skipped="0" hostname="E7841-Tech" name="com.LearningAPI.TestCases.GetCityDetail" tests="2" failures="0" timestamp="22 Jan 2020 06:25:25 GMT" time="1.105" errors="0">
  <testcase name="GetCityDetail_Test" time="0.317" classname="com.LearningAPI.TestCases.GetCityDetail"/>
  <testcase name="GetCityDetail_Test" time="0.788" classname="com.LearningAPI.TestCases.GetCityDetail"/>
</testsuite> <!-- com.LearningAPI.TestCases.GetCityDetail -->
